<?xml version="1.0" encoding="UTF-8"?>
<!--
  Copyright (c) 2014 Red Hat, Inc..
  All rights reserved. This program and the accompanying materials
  are made available under the terms of the GNU Public License v3.0
  which accompanies this distribution, and is available at
  http://www.gnu.org/licenses/gpl.html
  
  Contributors:
      Red Hat, Inc. - initial API and implementation
-->
<project xmlns="http://maven.apache.org/POM/4.0.0" xmlns:xsi="http://www.w3.org/2001/XMLSchema-instance" xsi:schemaLocation="http://maven.apache.org/POM/4.0.0 http://maven.apache.org/maven-v4_0_0.xsd">
  <modelVersion>4.0.0</modelVersion>
  <groupId>org.test</groupId>
  <artifactId>test-pom</artifactId>
  <version>1.0</version>

  <properties>
    <repo.one.url>http://www.bar.com/repo</repo.one.url>
  </properties>

  <repositories>
    <repository>
      <id>repo.one</id>
      <name>test1</name>
      <url>${repo.one.url}</url>
    </repository>
  </repositories>

  <profiles>
    <profile>
      <id>test.oracle</id>
      <properties>
        <oracle.maven.repo>http://test.oracle.repository</oracle.maven.repo>
      </properties>
      <repositories>
        <repository>
          <id>oracle.repository</id>
          <name>test2</name>
          <url>${oracle.maven.repo}</url>
        </repository>
      </repositories>
    </profile>
    <profile>
      <id>test.two.oracle</id>
      <properties>
        <oracle.two.maven.repo>http://test.two.oracle.repository</oracle.two.maven.repo>
      </properties>
      <repositories>
        <repository>
          <id>oracle.two.repository</id>
          <name>test3</name>
          <url>${oracle.two.maven.repo}</url>
        </repository>
      </repositories>
    </profile>
  </profiles>
</project>
